<?xml version="1.0" encoding="UTF-8"?>
<!-- Generated by org.testng.reporters.JUnitReportReporter -->
<testsuite hostname="merrin" failures="0" tests="2" name="jar.CovidTrackigTest" time="7.090" errors="0" timestamp="2024-11-09T17:04:30 IST" skipped="0">
  <testcase classname="jar.CovidTrackigTest" name="testStateSelection" time="3.234"/>
  <system-out/>
  <testcase classname="jar.CovidTrackigTest" name="testprintlinechartvalue" time="3.856"/>
  <system-out/>
</testsuite> <!-- jar.CovidTrackigTest -->
